I, [2019-10-24T08:41:13.347694 #584]  INFO -- : Registered expected interaction POST /checkout
D, [2019-10-24T08:41:13.347694 #584] DEBUG -- : {
  "description": "a request for total amount",
  "request": {
    "method": "POST",
    "path": "/checkout",
    "headers": {
      "Content-Type": "application/json"
    },
    "body": {
      "items": [
        {
          "description": "Antique typewriter",
          "price": 49,
          "quantity": 1
        },
        {
          "description": "Christmas decorations",
          "price": 15,
          "quantity": 5
        },
        {
          "description": "Notepad",
          "price": 16.25,
          "quantity": 2
        }
      ]
    }
  },
  "response": {
    "status": 200,
    "headers": {
      "Content-type": "application/json; charset=utf-8"
    },
    "body": {
      "totalAmount": 156.5,
      "maxDescount": 0.2
    }
  }
}
I, [2019-10-24T08:41:13.378977 #584]  INFO -- : Received request POST /checkout
D, [2019-10-24T08:41:13.378977 #584] DEBUG -- : {
  "path": "/checkout",
  "query": "",
  "method": "post",
  "body": {
    "items": [
      {
        "description": "Antique typewriter",
        "price": 49,
        "quantity": 1
      },
      {
        "description": "Christmas decorations",
        "price": 15,
        "quantity": 5
      },
      {
        "description": "Notepad",
        "price": 16.25,
        "quantity": 2
      }
    ]
  },
  "headers": {
    "Content-Length": "189",
    "Content-Type": "application/json",
    "Host": "localhost:3000",
    "Accept-Encoding": "gzip, deflate",
    "Connection": "close",
    "Version": "HTTP/1.1"
  }
}
I, [2019-10-24T08:41:13.378977 #584]  INFO -- : Found matching response for POST /checkout
D, [2019-10-24T08:41:13.378977 #584] DEBUG -- : {
  "status": 200,
  "headers": {
    "Content-type": "application/json; charset=utf-8"
  },
  "body": {
    "totalAmount": 156.5,
    "maxDescount": 0.2
  }
}
I, [2019-10-24T08:41:13.394599 #584]  INFO -- : Verifying - interactions matched
I, [2019-10-24T08:41:13.410194 #584]  INFO -- : Cleared interactions
I, [2019-10-24T08:41:13.425770 #584]  INFO -- : Writing pact for My provider to C:/Users/387950/Projetos/pact-noob/pacts/my_consumer-my_provider.json
